# JRE version: Java(TM) SE Runtime Environment (8.0_311-b11) (build 1.8.0_311-b11)
# Java VM: Java HotSpot(TM) 64-Bit Server VM (25.311-b11 mixed mode windows-amd64 compressed oops)
Heap:
 PSYoungGen      total 261632K, used 150236K [0x00000000eab00000, 0x00000000fc300000, 0x0000000100000000)
  eden space 241152K, 56% used [0x00000000eab00000,0x00000000f2fe91f8,0x00000000f9680000)
  from space 20480K, 69% used [0x00000000f9680000,0x00000000fa44de80,0x00000000faa80000)
  to   space 20480K, 0% used [0x00000000faa80000,0x00000000faa80000,0x00000000fbe80000)
 ParOldGen       total 103424K, used 34674K [0x00000000c0000000, 0x00000000c6500000, 0x00000000eab00000)
  object space 103424K, 33% used [0x00000000c0000000,0x00000000c21dcbb0,0x00000000c6500000)
 Metaspace       used 122744K, capacity 136349K, committed 136472K, reserved 1167360K
  class space    used 16871K, capacity 18139K, committed 18200K, reserved 1048576K
GC Heap History (10 events):
Event: 29.551 GC heap before
{Heap before GC invocations=23 (full 4):
 PSYoungGen      total 211456K, used 196096K [0x00000000eab00000, 0x00000000f9100000, 0x0000000100000000)
  eden space 196096K, 100% used [0x00000000eab00000,0x00000000f6a80000,0x00000000f6a80000)
  from space 15360K, 0% used [0x00000000f7b00000,0x00000000f7b00000,0x00000000f8a00000)
  to   space 16896K, 0% used [0x00000000f6a80000,0x00000000f6a80000,0x00000000f7b00000)
 ParOldGen       total 103424K, used 34634K [0x00000000c0000000, 0x00000000c6500000, 0x00000000eab00000)
  object space 103424K, 33% used [0x00000000c0000000,0x00000000c21d2bb0,0x00000000c6500000)
 Metaspace       used 103691K, capacity 113999K, committed 114200K, reserved 1148928K
  class space    used 14619K, capacity 15598K, committed 15640K, reserved 1048576K
Event: 29.565 GC heap after
Heap after GC invocations=23 (full 4):
 PSYoungGen      total 212992K, used 13389K [0x00000000eab00000, 0x00000000fa400000, 0x0000000100000000)
  eden space 196096K, 0% used [0x00000000eab00000,0x00000000eab00000,0x00000000f6a80000)
  from space 16896K, 79% used [0x00000000f6a80000,0x00000000f77935b0,0x00000000f7b00000)
  to   space 18432K, 0% used [0x00000000f9200000,0x00000000f9200000,0x00000000fa400000)
 ParOldGen       total 103424K, used 34642K [0x00000000c0000000, 0x00000000c6500000, 0x00000000eab00000)
  object space 103424K, 33% used [0x00000000c0000000,0x00000000c21d4bb0,0x00000000c6500000)
 Metaspace       used 103691K, capacity 113999K, committed 114200K, reserved 1148928K
  class space    used 14619K, capacity 15598K, committed 15640K, reserved 1048576K
}
Event: 32.108 GC heap before
{Heap before GC invocations=24 (full 4):
 PSYoungGen      total 212992K, used 209485K [0x00000000eab00000, 0x00000000fa400000, 0x0000000100000000)
  eden space 196096K, 100% used [0x00000000eab00000,0x00000000f6a80000,0x00000000f6a80000)
  from space 16896K, 79% used [0x00000000f6a80000,0x00000000f77935b0,0x00000000f7b00000)
  to   space 18432K, 0% used [0x00000000f9200000,0x00000000f9200000,0x00000000fa400000)
 ParOldGen       total 103424K, used 34642K [0x00000000c0000000, 0x00000000c6500000, 0x00000000eab00000)
  object space 103424K, 33% used [0x00000000c0000000,0x00000000c21d4bb0,0x00000000c6500000)
 Metaspace       used 116603K, capacity 128835K, committed 129048K, reserved 1161216K
  class space    used 16262K, capacity 17386K, committed 17432K, reserved 1048576K
Event: 32.130 GC heap after
Heap after GC invocations=24 (full 4):
 PSYoungGen      total 233984K, used 17358K [0x00000000eab00000, 0x00000000fa880000, 0x0000000100000000)
  eden space 215552K, 0% used [0x00000000eab00000,0x00000000eab00000,0x00000000f7d80000)
  from space 18432K, 94% used [0x00000000f9200000,0x00000000fa2f3a60,0x00000000fa400000)
  to   space 20992K, 0% used [0x00000000f7d80000,0x00000000f7d80000,0x00000000f9200000)
 ParOldGen       total 103424K, used 34650K [0x00000000c0000000, 0x00000000c6500000, 0x00000000eab00000)
  object space 103424K, 33% used [0x00000000c0000000,0x00000000c21d6bb0,0x00000000c6500000)
 Metaspace       used 116603K, capacity 128835K, committed 129048K, reserved 1161216K
  class space    used 16262K, capacity 17386K, committed 17432K, reserved 1048576K
}
Event: 33.469 GC heap before
{Heap before GC invocations=25 (full 4):
 PSYoungGen      total 233984K, used 232910K [0x00000000eab00000, 0x00000000fa880000, 0x0000000100000000)
  eden space 215552K, 100% used [0x00000000eab00000,0x00000000f7d80000,0x00000000f7d80000)
  from space 18432K, 94% used [0x00000000f9200000,0x00000000fa2f3a60,0x00000000fa400000)
  to   space 20992K, 0% used [0x00000000f7d80000,0x00000000f7d80000,0x00000000f9200000)
 ParOldGen       total 103424K, used 34650K [0x00000000c0000000, 0x00000000c6500000, 0x00000000eab00000)
  object space 103424K, 33% used [0x00000000c0000000,0x00000000c21d6bb0,0x00000000c6500000)
 Metaspace       used 117225K, capacity 129583K, committed 129944K, reserved 1161216K
  class space    used 16312K, capacity 17452K, committed 17560K, reserved 1048576K
Event: 33.491 GC heap after
Heap after GC invocations=25 (full 4):
 PSYoungGen      total 236544K, used 11760K [0x00000000eab00000, 0x00000000fbe80000, 0x0000000100000000)
  eden space 215552K, 0% used [0x00000000eab00000,0x00000000eab00000,0x00000000f7d80000)
  from space 20992K, 56% used [0x00000000f7d80000,0x00000000f88fc1b8,0x00000000f9200000)
  to   space 20480K, 0% used [0x00000000faa80000,0x00000000faa80000,0x00000000fbe80000)
 ParOldGen       total 103424K, used 34658K [0x00000000c0000000, 0x00000000c6500000, 0x00000000eab00000)
  object space 103424K, 33% used [0x00000000c0000000,0x00000000c21d8bb0,0x00000000c6500000)
 Metaspace       used 117225K, capacity 129583K, committed 129944K, reserved 1161216K
  class space    used 16312K, capacity 17452K, committed 17560K, reserved 1048576K
}
Event: 34.992 GC heap before
{Heap before GC invocations=26 (full 4):
 PSYoungGen      total 236544K, used 227089K [0x00000000eab00000, 0x00000000fbe80000, 0x0000000100000000)
  eden space 215552K, 99% used [0x00000000eab00000,0x00000000f7d48600,0x00000000f7d80000)
  from space 20992K, 56% used [0x00000000f7d80000,0x00000000f88fc1b8,0x00000000f9200000)
  to   space 20480K, 0% used [0x00000000faa80000,0x00000000faa80000,0x00000000fbe80000)
 ParOldGen       total 103424K, used 34658K [0x00000000c0000000, 0x00000000c6500000, 0x00000000eab00000)
  object space 103424K, 33% used [0x00000000c0000000,0x00000000c21d8bb0,0x00000000c6500000)
 Metaspace       used 117700K, capacity 130093K, committed 130200K, reserved 1161216K
  class space    used 16316K, capacity 17459K, committed 17560K, reserved 1048576K
Event: 35.029 GC heap after
Heap after GC invocations=26 (full 4):
 PSYoungGen      total 261632K, used 12298K [0x00000000eab00000, 0x00000000fc300000, 0x0000000100000000)
  eden space 241152K, 0% used [0x00000000eab00000,0x00000000eab00000,0x00000000f9680000)
  from space 20480K, 60% used [0x00000000faa80000,0x00000000fb6829e8,0x00000000fbe80000)
  to   space 20480K, 0% used [0x00000000f9680000,0x00000000f9680000,0x00000000faa80000)
 ParOldGen       total 103424K, used 34666K [0x00000000c0000000, 0x00000000c6500000, 0x00000000eab00000)
  object space 103424K, 33% used [0x00000000c0000000,0x00000000c21dabb0,0x00000000c6500000)
 Metaspace       used 117700K, capacity 130093K, committed 130200K, reserved 1161216K
  class space    used 16316K, capacity 17459K, committed 17560K, reserved 1048576K
}
Event: 37.071 GC heap before
{Heap before GC invocations=27 (full 4):
 PSYoungGen      total 261632K, used 253450K [0x00000000eab00000, 0x00000000fc300000, 0x0000000100000000)
  eden space 241152K, 100% used [0x00000000eab00000,0x00000000f9680000,0x00000000f9680000)
  from space 20480K, 60% used [0x00000000faa80000,0x00000000fb6829e8,0x00000000fbe80000)
  to   space 20480K, 0% used [0x00000000f9680000,0x00000000f9680000,0x00000000faa80000)
 ParOldGen       total 103424K, used 34666K [0x00000000c0000000, 0x00000000c6500000, 0x00000000eab00000)
  object space 103424K, 33% used [0x00000000c0000000,0x00000000c21dabb0,0x00000000c6500000)
 Metaspace       used 120213K, capacity 132783K, committed 132888K, reserved 1165312K
  class space    used 16517K, capacity 17673K, committed 17688K, reserved 1048576K
Event: 37.094 GC heap after
Heap after GC invocations=27 (full 4):
 PSYoungGen      total 261632K, used 14135K [0x00000000eab00000, 0x00000000fc300000, 0x0000000100000000)
  eden space 241152K, 0% used [0x00000000eab00000,0x00000000eab00000,0x00000000f9680000)
  from space 20480K, 69% used [0x00000000f9680000,0x00000000fa44de80,0x00000000faa80000)
  to   space 20480K, 0% used [0x00000000faa80000,0x00000000faa80000,0x00000000fbe80000)
 ParOldGen       total 103424K, used 34674K [0x00000000c0000000, 0x00000000c6500000, 0x00000000eab00000)
  object space 103424K, 33% used [0x00000000c0000000,0x00000000c21dcbb0,0x00000000c6500000)
 Metaspace       used 120213K, capacity 132783K, committed 132888K, reserved 1165312K
  class space    used 16517K, capacity 17673K, committed 17688K, reserved 1048576K
}

