# JRE version: Java(TM) SE Runtime Environment (8.0_311-b11) (build 1.8.0_311-b11)
# Java VM: Java HotSpot(TM) 64-Bit Server VM (25.311-b11 mixed mode windows-amd64 compressed oops)
Heap:
 PSYoungGen      total 182272K, used 112441K [0x00000000eab00000, 0x00000000f8380000, 0x0000000100000000)
  eden space 164352K, 58% used [0x00000000eab00000,0x00000000f0955c70,0x00000000f4b80000)
  from space 17920K, 88% used [0x00000000f4b80000,0x00000000f5af8860,0x00000000f5d00000)
  to   space 19456K, 0% used [0x00000000f7080000,0x00000000f7080000,0x00000000f8380000)
 ParOldGen       total 93696K, used 31849K [0x00000000c0000000, 0x00000000c5b80000, 0x00000000eab00000)
  object space 93696K, 33% used [0x00000000c0000000,0x00000000c1f1a5a8,0x00000000c5b80000)
 Metaspace       used 124850K, capacity 139479K, committed 139800K, reserved 1171456K
  class space    used 17227K, capacity 18618K, committed 18712K, reserved 1048576K
GC Heap History (10 events):
Event: 58.748 GC heap before
{Heap before GC invocations=37 (full 4):
 PSYoungGen      total 148992K, used 142479K [0x00000000eab00000, 0x00000000f4f00000, 0x0000000100000000)
  eden space 130560K, 100% used [0x00000000eab00000,0x00000000f2a80000,0x00000000f2a80000)
  from space 18432K, 64% used [0x00000000f3c80000,0x00000000f4823c40,0x00000000f4e80000)
  to   space 18432K, 0% used [0x00000000f2a80000,0x00000000f2a80000,0x00000000f3c80000)
 ParOldGen       total 93696K, used 31817K [0x00000000c0000000, 0x00000000c5b80000, 0x00000000eab00000)
  object space 93696K, 33% used [0x00000000c0000000,0x00000000c1f125a8,0x00000000c5b80000)
 Metaspace       used 117261K, capacity 129601K, committed 129944K, reserved 1161216K
  class space    used 16315K, capacity 17445K, committed 17560K, reserved 1048576K
Event: 58.830 GC heap after
Heap after GC invocations=37 (full 4):
 PSYoungGen      total 148992K, used 9710K [0x00000000eab00000, 0x00000000f5d80000, 0x0000000100000000)
  eden space 130560K, 0% used [0x00000000eab00000,0x00000000eab00000,0x00000000f2a80000)
  from space 18432K, 52% used [0x00000000f2a80000,0x00000000f33fbb20,0x00000000f3c80000)
  to   space 17920K, 0% used [0x00000000f4c00000,0x00000000f4c00000,0x00000000f5d80000)
 ParOldGen       total 93696K, used 31825K [0x00000000c0000000, 0x00000000c5b80000, 0x00000000eab00000)
  object space 93696K, 33% used [0x00000000c0000000,0x00000000c1f145a8,0x00000000c5b80000)
 Metaspace       used 117261K, capacity 129601K, committed 129944K, reserved 1161216K
  class space    used 16315K, capacity 17445K, committed 17560K, reserved 1048576K
}
Event: 60.538 GC heap before
{Heap before GC invocations=38 (full 4):
 PSYoungGen      total 148992K, used 140270K [0x00000000eab00000, 0x00000000f5d80000, 0x0000000100000000)
  eden space 130560K, 100% used [0x00000000eab00000,0x00000000f2a80000,0x00000000f2a80000)
  from space 18432K, 52% used [0x00000000f2a80000,0x00000000f33fbb20,0x00000000f3c80000)
  to   space 17920K, 0% used [0x00000000f4c00000,0x00000000f4c00000,0x00000000f5d80000)
 ParOldGen       total 93696K, used 31825K [0x00000000c0000000, 0x00000000c5b80000, 0x00000000eab00000)
  object space 93696K, 33% used [0x00000000c0000000,0x00000000c1f145a8,0x00000000c5b80000)
 Metaspace       used 117537K, capacity 129865K, committed 130200K, reserved 1161216K
  class space    used 16320K, capacity 17455K, committed 17560K, reserved 1048576K
Event: 60.570 GC heap after
Heap after GC invocations=38 (full 4):
 PSYoungGen      total 163840K, used 10755K [0x00000000eab00000, 0x00000000f5d00000, 0x0000000100000000)
  eden space 146432K, 0% used [0x00000000eab00000,0x00000000eab00000,0x00000000f3a00000)
  from space 17408K, 61% used [0x00000000f4c00000,0x00000000f5680d80,0x00000000f5d00000)
  to   space 17920K, 0% used [0x00000000f3a00000,0x00000000f3a00000,0x00000000f4b80000)
 ParOldGen       total 93696K, used 31825K [0x00000000c0000000, 0x00000000c5b80000, 0x00000000eab00000)
  object space 93696K, 33% used [0x00000000c0000000,0x00000000c1f145a8,0x00000000c5b80000)
 Metaspace       used 117537K, capacity 129865K, committed 130200K, reserved 1161216K
  class space    used 16320K, capacity 17455K, committed 17560K, reserved 1048576K
}
Event: 62.951 GC heap before
{Heap before GC invocations=39 (full 4):
 PSYoungGen      total 163840K, used 157009K [0x00000000eab00000, 0x00000000f5d00000, 0x0000000100000000)
  eden space 146432K, 99% used [0x00000000eab00000,0x00000000f39d36d0,0x00000000f3a00000)
  from space 17408K, 61% used [0x00000000f4c00000,0x00000000f5680d80,0x00000000f5d00000)
  to   space 17920K, 0% used [0x00000000f3a00000,0x00000000f3a00000,0x00000000f4b80000)
 ParOldGen       total 93696K, used 31825K [0x00000000c0000000, 0x00000000c5b80000, 0x00000000eab00000)
  object space 93696K, 33% used [0x00000000c0000000,0x00000000c1f145a8,0x00000000c5b80000)
 Metaspace       used 117781K, capacity 130173K, committed 130456K, reserved 1163264K
  class space    used 16325K, capacity 17463K, committed 17560K, reserved 1048576K
Event: 63.023 GC heap after
Heap after GC invocations=39 (full 4):
 PSYoungGen      total 164352K, used 10832K [0x00000000eab00000, 0x00000000f6f00000, 0x0000000100000000)
  eden space 146432K, 0% used [0x00000000eab00000,0x00000000eab00000,0x00000000f3a00000)
  from space 17920K, 60% used [0x00000000f3a00000,0x00000000f44942f0,0x00000000f4b80000)
  to   space 17920K, 0% used [0x00000000f5d80000,0x00000000f5d80000,0x00000000f6f00000)
 ParOldGen       total 93696K, used 31833K [0x00000000c0000000, 0x00000000c5b80000, 0x00000000eab00000)
  object space 93696K, 33% used [0x00000000c0000000,0x00000000c1f165a8,0x00000000c5b80000)
 Metaspace       used 117781K, capacity 130173K, committed 130456K, reserved 1163264K
  class space    used 16325K, capacity 17463K, committed 17560K, reserved 1048576K
}
Event: 66.217 GC heap before
{Heap before GC invocations=40 (full 4):
 PSYoungGen      total 164352K, used 157264K [0x00000000eab00000, 0x00000000f6f00000, 0x0000000100000000)
  eden space 146432K, 100% used [0x00000000eab00000,0x00000000f3a00000,0x00000000f3a00000)
  from space 17920K, 60% used [0x00000000f3a00000,0x00000000f44942f0,0x00000000f4b80000)
  to   space 17920K, 0% used [0x00000000f5d80000,0x00000000f5d80000,0x00000000f6f00000)
 ParOldGen       total 93696K, used 31833K [0x00000000c0000000, 0x00000000c5b80000, 0x00000000eab00000)
  object space 93696K, 33% used [0x00000000c0000000,0x00000000c1f165a8,0x00000000c5b80000)
 Metaspace       used 118110K, capacity 130471K, committed 130712K, reserved 1163264K
  class space    used 16346K, capacity 17478K, committed 17560K, reserved 1048576K
Event: 66.288 GC heap after
Heap after GC invocations=40 (full 4):
 PSYoungGen      total 181760K, used 11788K [0x00000000eab00000, 0x00000000f6e80000, 0x0000000100000000)
  eden space 164352K, 0% used [0x00000000eab00000,0x00000000eab00000,0x00000000f4b80000)
  from space 17408K, 67% used [0x00000000f5d80000,0x00000000f69033b8,0x00000000f6e80000)
  to   space 17920K, 0% used [0x00000000f4b80000,0x00000000f4b80000,0x00000000f5d00000)
 ParOldGen       total 93696K, used 31841K [0x00000000c0000000, 0x00000000c5b80000, 0x00000000eab00000)
  object space 93696K, 33% used [0x00000000c0000000,0x00000000c1f185a8,0x00000000c5b80000)
 Metaspace       used 118110K, capacity 130471K, committed 130712K, reserved 1163264K
  class space    used 16346K, capacity 17478K, committed 17560K, reserved 1048576K
}
Event: 76.593 GC heap before
{Heap before GC invocations=41 (full 4):
 PSYoungGen      total 181760K, used 176140K [0x00000000eab00000, 0x00000000f6e80000, 0x0000000100000000)
  eden space 164352K, 100% used [0x00000000eab00000,0x00000000f4b80000,0x00000000f4b80000)
  from space 17408K, 67% used [0x00000000f5d80000,0x00000000f69033b8,0x00000000f6e80000)
  to   space 17920K, 0% used [0x00000000f4b80000,0x00000000f4b80000,0x00000000f5d00000)
 ParOldGen       total 93696K, used 31841K [0x00000000c0000000, 0x00000000c5b80000, 0x00000000eab00000)
  object space 93696K, 33% used [0x00000000c0000000,0x00000000c1f185a8,0x00000000c5b80000)
 Metaspace       used 122371K, capacity 135543K, committed 135832K, reserved 1167360K
  class space    used 16804K, capacity 18020K, committed 18072K, reserved 1048576K
Event: 76.694 GC heap after
Heap after GC invocations=41 (full 4):
 PSYoungGen      total 182272K, used 15842K [0x00000000eab00000, 0x00000000f8380000, 0x0000000100000000)
  eden space 164352K, 0% used [0x00000000eab00000,0x00000000eab00000,0x00000000f4b80000)
  from space 17920K, 88% used [0x00000000f4b80000,0x00000000f5af8860,0x00000000f5d00000)
  to   space 19456K, 0% used [0x00000000f7080000,0x00000000f7080000,0x00000000f8380000)
 ParOldGen       total 93696K, used 31849K [0x00000000c0000000, 0x00000000c5b80000, 0x00000000eab00000)
  object space 93696K, 33% used [0x00000000c0000000,0x00000000c1f1a5a8,0x00000000c5b80000)
 Metaspace       used 122371K, capacity 135543K, committed 135832K, reserved 1167360K
  class space    used 16804K, capacity 18020K, committed 18072K, reserved 1048576K
}

